To execute picard run: java -jar $EBROOTPICARD/picard.jar
INFO	2023-12-12 16:06:40	DownsampleSam	

********** NOTE: Picard's command line syntax is changing.
**********
********** For more information, please see:
********** https://github.com/broadinstitute/picard/wiki/Command-Line-Syntax-Transition-For-Users-(Pre-Transition)
**********
********** The command line looks like this in the new syntax:
**********
**********    DownsampleSam -I inp_merge.bam -O inp_subsample.bam -P .40030578057805780578
**********


16:06:40.574 INFO  NativeLibraryLoader - Loading libgkl_compression.so from jar:file:/vast/palmer/apps/avx2/software/picard/2.25.6-Java-11/picard.jar!/com/intel/gkl/native/libgkl_compression.so
[Tue Dec 12 16:06:40 EST 2023] DownsampleSam INPUT=inp_merge.bam OUTPUT=inp_subsample.bam PROBABILITY=0.4003057805780578    STRATEGY=ConstantMemory RANDOM_SEED=1 ACCURACY=1.0E-4 VERBOSITY=INFO QUIET=false VALIDATION_STRINGENCY=STRICT COMPRESSION_LEVEL=5 MAX_RECORDS_IN_RAM=500000 CREATE_INDEX=false CREATE_MD5_FILE=false GA4GH_CLIENT_SECRETS=client_secrets.json USE_JDK_DEFLATER=false USE_JDK_INFLATER=false
[Tue Dec 12 16:06:40 EST 2023] Executing as mcn26@r814u03n01.mccleary.ycrc.yale.edu on Linux 4.18.0-477.27.1.el8_8.x86_64 amd64; OpenJDK 64-Bit Server VM 11.0.16+8; Deflater: Intel; Inflater: Intel; Provider GCS is not available; Picard version: 2.25.6
INFO	2023-12-12 16:08:00	DownsampleSam	Wrote    10,000,000 records.  Elapsed time: 00:01:19s.  Time for last 10,000,000:   79s.  Last read position: chr3:88,176,040
INFO	2023-12-12 16:09:19	DownsampleSam	Wrote    20,000,000 records.  Elapsed time: 00:02:38s.  Time for last 10,000,000:   79s.  Last read position: chr6:124,006,069
INFO	2023-12-12 16:10:38	DownsampleSam	Wrote    30,000,000 records.  Elapsed time: 00:03:58s.  Time for last 10,000,000:   79s.  Last read position: chr10:109,950,921
INFO	2023-12-12 16:11:58	DownsampleSam	Wrote    40,000,000 records.  Elapsed time: 00:05:17s.  Time for last 10,000,000:   79s.  Last read position: chr16:14,962,381
INFO	2023-12-12 16:13:17	DownsampleSam	Wrote    50,000,000 records.  Elapsed time: 00:06:37s.  Time for last 10,000,000:   79s.  Last read position: chrM:7,315
INFO	2023-12-12 16:13:26	DownsampleSam	Finished downsampling.
INFO	2023-12-12 16:13:26	DownsampleSam	Kept 51221106 out of 127987200 reads (40.02%).
[Tue Dec 12 16:13:26 EST 2023] picard.sam.DownsampleSam done. Elapsed time: 6.76 minutes.
Runtime.totalMemory()=536870912
Subsampling completed. Output is in inp_subsample.bam
