Processing SRR14005196
spots read      : 18,334,636
reads read      : 36,669,272
reads written   : 36,669,272
SRR14005196 processing complete
Processing SRR14005197
spots read      : 7,952,229
reads read      : 15,904,458
reads written   : 15,904,458
SRR14005197 processing complete
Processing SRR14005231
spots read      : 23,762,780
reads read      : 47,525,560
reads written   : 47,525,560
SRR14005231 processing complete
Processing SRR14005232
spots read      : 40,701,281
reads read      : 81,402,562
reads written   : 81,402,562
SRR14005232 processing complete
All downloads complete
